<?xml version="1.0" encoding="UTF-8"?>
<!-- Generated by org.testng.reporters.JUnitXMLReporter -->
<testsuite ignored="1" hostname="Balaji" failures="0" tests="1" name="Default test" time="15.451" errors="0" timestamp="2022-08-28T12:41:50 IST">
  <testcase classname="com.synechron.test.LoginTest" name="validCredentialTest" time="5.367"/>
  <testcase classname="com.synechron.test.LoginTest" name="invalidCredentialTest" time="0.0">
    <ignored/>
  </testcase> <!-- invalidCredentialTest -->
</testsuite> <!-- Default test -->
