<?xml version="1.0" encoding="UTF-8"?>
<testng-results ignored="1" total="2" passed="1" failed="0" skipped="0">
  <reporter-output>
  </reporter-output>
  <suite started-at="2022-08-28T12:41:34 IST" name="Default suite" finished-at="2022-08-28T12:41:50 IST" duration-ms="15451">
    <groups>
    </groups>
    <test started-at="2022-08-28T12:41:34 IST" name="Default test" finished-at="2022-08-28T12:41:50 IST" duration-ms="15451">
      <class name="com.synechron.test.LoginTest">
        <test-method is-config="true" signature="init()[pri:0, instance:com.synechron.test.LoginTest@4b45a2f5]" started-at="2022-08-28T12:41:34 IST" name="init" finished-at="2022-08-28T12:41:34 IST" duration-ms="507" status="PASS">
          <reporter-output>
          </reporter-output>
        </test-method> <!-- init -->
        <test-method is-config="true" signature="setup(java.lang.String,java.lang.reflect.Method)[pri:0, instance:com.synechron.test.LoginTest@4b45a2f5]" started-at="2022-08-28T12:41:36 IST" name="setup" finished-at="2022-08-28T12:41:44 IST" duration-ms="8324" status="PASS">
          <params>
            <param index="0">
              <value>
                <![CDATA[ch]]>
              </value>
            </param>
            <param index="1">
              <value>
                <![CDATA[public void com.synechron.test.LoginTest.validCredentialTest(java.lang.String,java.lang.String,java.lang.String,java.lang.String)]]>
              </value>
            </param>
          </params>
          <reporter-output>
          </reporter-output>
        </test-method> <!-- setup -->
        <test-method signature="validCredentialTest(java.lang.String,java.lang.String,java.lang.String,java.lang.String)[pri:0, instance:com.synechron.test.LoginTest@4b45a2f5]" started-at="2022-08-28T12:41:44 IST" name="validCredentialTest" data-provider="commonDataProvider" finished-at="2022-08-28T12:41:49 IST" duration-ms="5367" status="PASS">
          <params>
            <param index="0">
              <value>
                <![CDATA[accountant]]>
              </value>
            </param>
            <param index="1">
              <value>
                <![CDATA[accountant]]>
              </value>
            </param>
            <param index="2">
              <value>
                <![CDATA[English (Indian)]]>
              </value>
            </param>
            <param index="3">
              <value>
                <![CDATA[OpenEMR]]>
              </value>
            </param>
          </params>
          <reporter-output>
          </reporter-output>
        </test-method> <!-- validCredentialTest -->
        <test-method is-config="true" signature="teardown(org.testng.ITestResult)[pri:0, instance:com.synechron.test.LoginTest@4b45a2f5]" started-at="2022-08-28T12:41:49 IST" name="teardown" finished-at="2022-08-28T12:41:50 IST" duration-ms="512" status="PASS">
          <params>
            <param index="0">
              <value>
                <![CDATA[[TestResult name=validCredentialTest status=SUCCESS method=LoginTest.validCredentialTest(java.lang.String,java.lang.String,java.lang.String,java.lang.String)[pri:0, instance:com.synechron.test.LoginTest@4b45a2f5] output={null}]]]>
              </value>
            </param>
          </params>
          <reporter-output>
          </reporter-output>
        </test-method> <!-- teardown -->
        <test-method is-config="true" signature="end()[pri:0, instance:com.synechron.test.LoginTest@4b45a2f5]" started-at="2022-08-28T12:41:50 IST" name="end" finished-at="2022-08-28T12:41:50 IST" duration-ms="519" status="PASS">
          <reporter-output>
          </reporter-output>
        </test-method> <!-- end -->
      </class> <!-- com.synechron.test.LoginTest -->
    </test> <!-- Default test -->
  </suite> <!-- Default suite -->
</testng-results>
